1584820012203	mozrunner::runner	INFO	Running command: "C:\\Program Files\\Mozilla Firefox\\firefox.exe" "-marionette" "-foreground" "-no-remote" "-profile" "C:\\Users\\estev\\AppData\\Local\\Temp\\rust_mozprofileAJJrUq"
1584820012825	addons.webextension.doh-rollout@mozilla.org	WARN	Loading extension 'doh-rollout@mozilla.org': Reading manifest: Invalid extension permission: networkStatus
1584820014031	addons.webextension.screenshots@mozilla.org	WARN	Loading extension 'screenshots@mozilla.org': Reading manifest: Invalid extension permission: mozillaAddons
1584820014031	addons.webextension.screenshots@mozilla.org	WARN	Loading extension 'screenshots@mozilla.org': Reading manifest: Invalid extension permission: telemetry
1584820014031	addons.webextension.screenshots@mozilla.org	WARN	Loading extension 'screenshots@mozilla.org': Reading manifest: Invalid extension permission: resource://pdf.js/
1584820014031	addons.webextension.screenshots@mozilla.org	WARN	Loading extension 'screenshots@mozilla.org': Reading manifest: Invalid extension permission: about:reader*
JavaScript error: resource://gre/modules/XULStore.jsm, line 66: Error: Can't find profile directory.
1584820018683	Marionette	INFO	Listening on port 50171
1584820019175	Marionette	WARN	TLS certificate errors will be ignored for this session
JavaScript error: https://eus.rubiconproject.com/usync.html, line 12: SecurityError: The operation is insecure.
1584820083895	Marionette	INFO	Stopped listening on port 50171

###!!! [Child][RunMessage] Error: Channel closing: too late to send/recv, messages will be lost


###!!! [Child][MessageChannel::SendAndWait] Error: Channel error: cannot send/recv

1584891323125	mozrunner::runner	INFO	Running command: "C:\\Program Files\\Mozilla Firefox\\firefox.exe" "-marionette" "-foreground" "-no-remote" "-profile" "C:\\Users\\estev\\AppData\\Local\\Temp\\rust_mozprofile42sXS1"
1584891323767	addons.webextension.doh-rollout@mozilla.org	WARN	Loading extension 'doh-rollout@mozilla.org': Reading manifest: Invalid extension permission: networkStatus
1584891325021	addons.webextension.screenshots@mozilla.org	WARN	Loading extension 'screenshots@mozilla.org': Reading manifest: Invalid extension permission: mozillaAddons
1584891325021	addons.webextension.screenshots@mozilla.org	WARN	Loading extension 'screenshots@mozilla.org': Reading manifest: Invalid extension permission: telemetry
1584891325021	addons.webextension.screenshots@mozilla.org	WARN	Loading extension 'screenshots@mozilla.org': Reading manifest: Invalid extension permission: resource://pdf.js/
1584891325021	addons.webextension.screenshots@mozilla.org	WARN	Loading extension 'screenshots@mozilla.org': Reading manifest: Invalid extension permission: about:reader*
JavaScript error: resource://gre/modules/XULStore.jsm, line 66: Error: Can't find profile directory.
1584891330932	Marionette	INFO	Listening on port 50262
1584891331099	Marionette	WARN	TLS certificate errors will be ignored for this session
JavaScript error: https://tags.globo.com/utag/globo/gshow/prod/utag.js, line 110: TypeError: googletag.pubads is not a function
JavaScript error: https://eus.rubiconproject.com/usync.html, line 12: SecurityError: The operation is insecure.
1584891756156	Marionette	INFO	Stopped listening on port 50262

###!!! [Child][RunMessage] Error: Channel closing: too late to send/recv, messages will be lost


###!!! [Child][MessageChannel::SendAndWait] Error: Channel error: cannot send/recv

ermission: networkStatus
1584891667004	addons.webextension.screenshots@mozilla.org	WARN	Loading extension 'screenshots@mozilla.org': Reading manifest: Invalid extension permission: mozillaAddons
1584891667004	addons.webextension.screenshots@mozilla.org	WARN	Loading extension 'screenshots@mozilla.org': Reading manifest: Invalid extension permission: telemetry
1584891667004	addons.webextension.screenshots@mozilla.org	WARN	Loading extension 'screenshots@mozilla.org': Reading manifest: Invalid extension permission: resource://pdf.js/
1584891667004	addons.webextension.screenshots@mozilla.org	WARN	Loading extension 'screenshots@mozilla.org': Reading manifest: Invalid extension permission: about:reader*
JavaScript error: resource://gre/modules/XULStore.jsm, line 66: Error: Can't find profile directory.
1584891671867	Marionette	INFO	Listening on port 50529
1584891672286	Marionette	WARN	TLS certificate errors will be ignored for this session
JavaScript error: https://tags.tiqcdn.com/utag/globo/globoid/prod/utag.3.js?utv=ut4.44.202002211844, line 25: TypeError: b.status_user is undefined
JavaScript error: https://eus.rubiconproject.com/usync.html, line 12: SecurityError: The operation is insecure.
1584891755445	Marionette	INFO	Stopped listening on port 50529

###!!! [Child][RunMessage] Error: Channel closing: too late to send/recv, messages will be lost


###!!! [Child][MessageChannel::SendAndWait] Error: Channel error: cannot send/recv

1584892565163	mozrunner::runner	INFO	Running command: "C:\\Program Files\\Mozilla Firefox\\firefox.exe" "-marionette" "-foreground" "-no-remote" "-profile" "C:\\Users\\estev\\AppData\\Local\\Temp\\rust_mozprofilejbE39q"
1584892566056	addons.webextension.doh-rollout@mozilla.org	WARN	Loading extension 'doh-rollout@mozilla.org': Reading manifest: Invalid extension permission: networkStatus
1584892567937	addons.webextension.screenshots@mozilla.org	WARN	Loading extension 'screenshots@mozilla.org': Reading manifest: Invalid extension permission: mozillaAddons
1584892567937	addons.webextension.screenshots@mozilla.org	WARN	Loading extension 'screenshots@mozilla.org': Reading manifest: Invalid extension permission: telemetry
1584892567937	addons.webextension.screenshots@mozilla.org	WARN	Loading extension 'screenshots@mozilla.org': Reading manifest: Invalid extension permission: resource://pdf.js/
1584892567937	addons.webextension.screenshots@mozilla.org	WARN	Loading extension 'screenshots@mozilla.org': Reading manifest: Invalid extension permission: about:reader*
JavaScript error: resource://gre/modules/XULStore.jsm, line 66: Error: Can't find profile directory.
1584892572407	Marionette	INFO	Listening on port 61452
1584892572562	Marionette	WARN	TLS certificate errors will be ignored for this session
JavaScript error: https://tags.tiqcdn.com/utag/globo/globoid/prod/utag.3.js?utv=ut4.44.202002211844, line 25: TypeError: b.status_user is undefined
JavaScript error: https://eus.rubiconproject.com/usync.html, line 12: SecurityError: The operation is insecure.
1584892633021	Marionette	INFO	Stopped listening on port 61452

###!!! [Child][RunMessage] Error: Channel closing: too late to send/recv, messages will be lost


###!!! [Child][MessageChannel::SendAndWait] Error: Channel error: cannot send/recv

1584978677436	mozrunner::runner	INFO	Running command: "C:\\Program Files\\Mozilla Firefox\\firefox.exe" "-marionette" "-foreground" "-no-remote" "-profile" "C:\\Users\\estev\\AppData\\Local\\Temp\\rust_mozprofileHVeFAv"
1584978678154	addons.webextension.doh-rollout@mozilla.org	WARN	Loading extension 'doh-rollout@mozilla.org': Reading manifest: Invalid extension permission: networkStatus
1584978679258	addons.webextension.screenshots@mozilla.org	WARN	Loading extension 'screenshots@mozilla.org': Reading manifest: Invalid extension permission: mozillaAddons
1584978679258	addons.webextension.screenshots@mozilla.org	WARN	Loading extension 'screenshots@mozilla.org': Reading manifest: Invalid extension permission: telemetry
1584978679258	addons.webextension.screenshots@mozilla.org	WARN	Loading extension 'screenshots@mozilla.org': Reading manifest: Invalid extension permission: resource://pdf.js/
1584978679259	addons.webextension.screenshots@mozilla.org	WARN	Loading extension 'screenshots@mozilla.org': Reading manifest: Invalid extension permission: about:reader*
JavaScript error: resource://gre/modules/XULStore.jsm, line 66: Error: Can't find profile directory.
1584978683122	Marionette	INFO	Listening on port 50519
1584978683241	Marionette	WARN	TLS certificate errors will be ignored for this session
1584978805564	mozrunner::runner	INFO	Running command: "C:\\Program Files\\Mozilla Firefox\\firefox.exe" "-marionette" "-foreground" "-no-remote" "-profile" "C:\\Users\\estev\\AppData\\Local\\Temp\\rust_mozprofileGrm30S"
1584978806370	addons.webextension.doh-rollout@mozilla.org	WARN	Loading extension 'doh-rollout@mozilla.org': Reading manifest: Invalid extension permission: networkStatus
1584978807636	addons.webextension.screenshots@mozilla.org	WARN	Loading extension 'screenshots@mozilla.org': Reading manifest: Invalid extension permission: mozillaAddons
1584978807637	addons.webextension.screenshots@mozilla.org	WARN	Loading extension 'screenshots@mozilla.org': Reading manifest: Invalid extension permission: telemetry
1584978807637	addons.webextension.screenshots@mozilla.org	WARN	Loading extension 'screenshots@mozilla.org': Reading manifest: Invalid extension permission: resource://pdf.js/
1584978807637	addons.webextension.screenshots@mozilla.org	WARN	Loading extension 'screenshots@mozilla.org': Reading manifest: Invalid extension permission: about:reader*
JavaScript error: resource://gre/modules/XULStore.jsm, line 66: Error: Can't find profile directory.
1584978810798	Marionette	INFO	Listening on port 50670
1584978810859	Marionette	WARN	TLS certificate errors will be ignored for this session
JavaScript error: https://tags.tiqcdn.com/utag/globo/globoid/prod/utag.3.js?utv=ut4.44.202002211844, line 25: TypeError: b.status_user is undefined
JavaScript error: https://tags.tiqcdn.com/utag/globo/globoid/prod/utag.3.js?utv=ut4.44.202002211844, line 25: TypeError: b.status_user is undefined

###!!! [Child][RunMessage] Error: Channel closing: too late to send/recv, messages will be lost

1584979012507	Marionette	INFO	Stopped listening on port 50670

###!!! [Child][RunMessage] Error: Channel closing: too late to send/recv, messages will be lost


###!!! [Child][MessageChannel::SendAndWait] Error: Channel error: cannot send/recv

 extension permission: networkStatus
1584978946324	addons.webextension.screenshots@mozilla.org	WARN	Loading extension 'screenshots@mozilla.org': Reading manifest: Invalid extension permission: mozillaAddons
1584978946324	addons.webextension.screenshots@mozilla.org	WARN	Loading extension 'screenshots@mozilla.org': Reading manifest: Invalid extension permission: telemetry
1584978946324	addons.webextension.screenshots@mozilla.org	WARN	Loading extension 'screenshots@mozilla.org': Reading manifest: Invalid extension permission: resource://pdf.js/
1584978946325	addons.webextension.screenshots@mozilla.org	WARN	Loading extension 'screenshots@mozilla.org': Reading manifest: Invalid extension permission: about:reader*
JavaScript error: resource://gre/modules/XULStore.jsm, line 66: Error: Can't find profile directory.
1584978951372	Marionette	INFO	Listening on port 50844
1584978951865	Marionette	WARN	TLS certificate errors will be ignored for this session
JavaScript error: https://tags.tiqcdn.com/utag/globo/globoid/prod/utag.3.js?utv=ut4.44.202002211844, line 25: TypeError: b.status_user is undefined
1584979016089	Marionette	INFO	Stopped listening on port 50844

###!!! [Child][MessageChannel::SendAndWait] Error: Channel error: cannot send/recv

ile" "C:\\Users\\estev\\AppData\\Local\\Temp\\rust_mozprofileaQsokU"
1584979010988	addons.webextension.doh-rollout@mozilla.org	WARN	Loading extension 'doh-rollout@mozilla.org': Reading manifest: Invalid extension permission: networkStatus
1584979014379	addons.webextension.screenshots@mozilla.org	WARN	Loading extension 'screenshots@mozilla.org': Reading manifest: Invalid extension permission: mozillaAddons
1584979014379	addons.webextension.screenshots@mozilla.org	WARN	Loading extension 'screenshots@mozilla.org': Reading manifest: Invalid extension permission: telemetry
1584979014379	addons.webextension.screenshots@mozilla.org	WARN	Loading extension 'screenshots@mozilla.org': Reading manifest: Invalid extension permission: resource://pdf.js/
1584979014379	addons.webextension.screenshots@mozilla.org	WARN	Loading extension 'screenshots@mozilla.org': Reading manifest: Invalid extension permission: about:reader*
JavaScript error: resource://gre/modules/XULStore.jsm, line 66: Error: Can't find profile directory.
1584979021175	Marionette	INFO	Listening on port 51002
1584979021228	Marionette	WARN	TLS certificate errors will be ignored for this session
JavaScript error: https://tags.tiqcdn.com/utag/globo/globoid/prod/utag.3.js?utv=ut4.44.202002211844, line 25: TypeError: b.status_user is undefined
JavaScript error: https://tags.tiqcdn.com/utag/globo/globoid/prod/utag.3.js?utv=ut4.44.202002211844, line 25: TypeError: b.status_user is undefined
[Child 6812, Chrome_ChildThread] WARNING: pipe error: 232: file z:/task_1583751780/build/src/ipc/chromium/src/chrome/common/ipc_channel_win.cc, line 507

###!!! [Child][RunMessage] Error: Channel closing: too late to s1584979164734	addons.webextension.dJavaScript error: , line 0: AbortError: A request was aborted, for example through a call to IDBTransaction.abort.
1584979165569	Marion1584979166568	addons.webextension.screenshots@mozilla.org	WARN	Loading extension 'screenshots@mozilla.org': Reading manifest: Invalid extension permission: mozillaAddons
1584979166568	addons.webextension.screenshots@mozilla.org	WARN	Loading extension 'screenshots@mozilla.org': Reading manifest: Invalid extension permission: telemetry
1584979166568	addons.webextension.screenshots@mozilla.org	WARN	Loading extension 'screenshots@mozilla.org': Reading manifest: Invalid extension permission: resource://pdf.js/
1584979166568	addons.webextension.screenshots@mozilla.org	WARN	Loading extension 'screenshots@mozilla.org': Reading manifest: Invalid extension permission: about:reader*
JavaScript error: resource://gre/modules/XULStore.jsm, line 66: Error: Can't find profile directory.

###!!! [Child][RunMessage] Error: Channel closing: too late to send/recv, messages will be lost

1584979170650	Marionette	INFO	Listening on port 51188
1584979171525	Marionette	WARN	TLS certificate errors will be ignored for this session
JavaScript error: https://tags.tiqcdn.com/utag/globo/globoid/prod/utag.3.js?utv=ut4.44.202002211844, line 25: TypeError: b.status_user is undefined
JavaScript error: https://tags.tiqcdn.com/utag/globo/globoid/prod/utag.js, line 12: TypeError: window.utag_data is undefined
JavaScript error: https://tags.tiqcdn.com/utag/globo/globoid/prod/utag.3.js?utv=ut4.44.202002211844, line 25: TypeError: b.status_user is undefined
1584979260194	mozrunner::runner	INFO	Running command: "C:\\Program Files\\Mozilla Firefox\\firefox.exe" "-marione1584979266002	Marionette	INFO	Stopped listening on port 51188

###!!! [Child][RunMessage] Error: Channel closing: too late to send/recv, messages will be lost


###!!! [Child][MessageChannel::SendAndWait] Error: Channel error: cannot send/recv

ermission: networkStatus
1584979266278	addons.webextension.screenshots@mozilla.org	WARN	Loading extension 'screenshots@mozilla.org': Reading manifest: Invalid extension permission: mozillaAddons
1584979266278	addons.webextension.screenshots@mozilla.org	WARN	Loading extension 'screenshots@mozilla.org': Reading manifest: Invalid extension permission: telemetry
1584979266279	addons.webextension.screenshots@mozilla.org	WARN	Loading extension 'screenshots@mozilla.org': Reading manifest: Invalid extension permission: resource://pdf.js/
1584979266279	addons.webextension.screenshots@mozilla.org	WARN	Loading extension 'screenshots@mozilla.org': Reading manifest: Invalid extension permission: about:reader*
JavaScript error: resource://gre/modules/XULStore.jsm, line 66: Error: Can't find profile directory.
1584979271786	Marionette	INFO	Listening on port 51364
1584979271871	Marionette	WARN	TLS certificate errors will be ignored for this session
JavaScript error: https://tags.tiqcdn.com/utag/globo/globoid/prod/utag.3.js?utv=ut4.44.202002211844, line 25: TypeError: b.status_user is undefined
JavaScript error: https://tags.tiqcdn.com/utag/globo/globoid/prod/utag.3.js?utv=ut4.44.202002211844, line 25: TypeError: b.status_user is undefined
JavaScript error: https://tags.tiqcdn.com/utag/globo/globoid/prod/utag.js, line 12: TypeError: window.utag_data is undefined
JavaScript error: https://eus.rubiconproject.com/usync.html, line 12: SecurityError: The operation is insecure.
JavaScript error: resource://gre/modules/IndexedDB.jsm, line 370: UnknownError: The operation failed for reasons unrelated to the database itself and not covered by any other error code.
1584979498138	Marionette	INFO	Stopped listening on port 51364

###!!! [Child][RunMessage] Error: Channel closing: too late to send/recv, messages will be lost


###!!! [Child][MessageChannel::SendAndWait] Error: Channel error: cannot send/recv

1584979508630	mozrunner::runner	INFO	Running command: "C:\\Program Files\\Mozilla Firefox\\firefox.exe" "-marionette" "-foreground" "-no-remote" "-profile" "C:\\Users\\estev\\AppData\\Local\\Temp\\rust_mozprofilekZGqhv"
1584979509677	addons.webextension.doh-rollout@mozilla.org	WARN	Loading extension 'doh-rollout@mozilla.org': Reading manifest: Invalid extension permission: networkStatus
1584979511523	addons.webextension.screenshots@mozilla.org	WARN	Loading extension 'screenshots@mozilla.org': Reading manifest: Invalid extension permission: mozillaAddons
1584979511523	addons.webextension.screenshots@mozilla.org	WARN	Loading extension 'screenshots@mozilla.org': Reading manifest: Invalid extension permission: telemetry
1584979511523	addons.webextension.screenshots@mozilla.org	WARN	Loading extension 'screenshots@mozilla.org': Reading manifest: Invalid extension permission: resource://pdf.js/
1584979511523	addons.webextension.screenshots@mozilla.org	WARN	Loading extension 'screenshots@mozilla.org': Reading manifest: Invalid extension permission: about:reader*
JavaScript error: resource://gre/modules/XULStore.jsm, line 66: Error: Can't find profile directory.
1584979515960	Marionette	INFO	Listening on port 51584
1584979516329	Marionette	WARN	TLS certificate errors will be ignored for this session
JavaScript error: https://tags.tiqcdn.com/utag/globo/globoid/prod/utag.js, line 12: TypeError: window.utag_data is undefined
JavaScript error: https://tags.tiqcdn.com/utag/globo/globoid/prod/utag.3.js?utv=ut4.44.202002211844, line 25: TypeError: b.status_user is undefined
JavaScript error: https://eus.rubiconproject.com/usync.html, line 12: SecurityError: The operation is insecure.
1584979704127	Marionette	INFO	Stopped listening on port 51584

###!!! [Child][RunMessage] Error: Channel closing: too late to send/recv, messages will be lost


###!!! [Child][MessageChannel::SendAndWait] Error: Channel error: cannot send/recv

1584979711038	mozrunner::runner	INFO	Running command: "C:\\Program Files\\Mozilla Firefox\\firefox.exe" "-marionette" "-foreground" "-no-remote" "-profile" "C:\\Users\\estev\\AppData\\Local\\Temp\\rust_mozprofilehGt6dl"
1584979711742	addons.webextension.doh-rollout@mozilla.org	WARN	Loading extension 'doh-rollout@mozilla.org': Reading manifest: Invalid extension permission: networkStatus
1584979713782	addons.webextension.screenshots@mozilla.org	WARN	Loading extension 'screenshots@mozilla.org': Reading manifest: Invalid extension permission: mozillaAddons
1584979713783	addons.webextension.screenshots@mozilla.org	WARN	Loading extension 'screenshots@mozilla.org': Reading manifest: Invalid extension permission: telemetry
1584979713783	addons.webextension.screenshots@mozilla.org	WARN	Loading extension 'screenshots@mozilla.org': Reading manifest: Invalid extension permission: resource://pdf.js/
1584979713783	addons.webextension.screenshots@mozilla.org	WARN	Loading extension 'screenshots@mozilla.org': Reading manifest: Invalid extension permission: about:reader*
JavaScript error: resource://gre/modules/XULStore.jsm, line 66: Error: Can't find profile directory.
1584979719019	Marionette	INFO	Listening on port 51790
1584979719424	Marionette	WARN	TLS certificate errors will be ignored for this session
JavaScript error: https://tags.tiqcdn.com/utag/globo/globoid/prod/utag.3.js?utv=ut4.44.202002211844, line 25: TypeError: b.status_user is undefined
JavaScript error: https://tags.tiqcdn.com/utag/globo/globoid/prod/utag.js, line 12: TypeError: window.utag_data is undefined
JavaScript error: https://tags.tiqcdn.com/utag/globo/globoid/prod/utag.3.js?utv=ut4.44.202002211844, line 25: TypeError: b.status_user is undefined
JavaScript error: https://eus.rubiconproject.com/usync.html, line 12: SecurityError: The operation is insecure.

###!!! [Child][MessageChannel] Error: (msgtype=0x37012E,name=PContent::Msg_ScriptError) Channel closing: 1584979768204	addons.webextension.doh-rollout@moJavaScript error: resource://gre/modules/UpdateTimerManager.jsm, line 352: TypeError: setting getter-only property "gLogEnabled"
JavaScript error: resource://gre/modules/ModulesPing.jsm, line 70: NS_ERROR_XPC_JAVASCRIPT_ERROR_WITH_DETAILS: [JavaScript Error: "setting getter-only property "gLogEnabled"" {file: "resource://gre/modules/UpdateTimerManager.jsm" line: 352}]'[JavaScript Error: "setting getter-only property "gLogEnabled"" {file: "resource://gre/modules/UpdateTimerManager.jsm" line: 352}]' when calling method: [nsIUpdateTimerManager::registerTimer]
1584979779965	Marionette	INFO	Stopped listening on port 51790

###!!! [Child][MessageChannel::SendAndWait] Error: Channel error: cannot send/recv

n 'screenshots@mozilla.org': Reading manifest: Invalid extension permission: about:reader*
JavaScript error: resource://gre/modules/XULStore.jsm, line 66: Error: Can't find profile directory.
1584979779789	Marionette	INFO	Listening on port 51953
1584979780046	Marionette	WARN	TLS certificate errors will be ignored for this session
JavaScript error: https://tags.tiqcdn.com/utag/globo/globoid/prod/utag.3.js?utv=ut4.44.202002211844, line 25: TypeError: b.status_user is undefined
JavaScript error: https://tags.tiqcdn.com/utag/globo/globoid/prod/utag.3.js?utv=ut4.44.202002211844, line 25: TypeError: b.status_user is undefined
JavaScript error: https://tags.tiqcdn.com/utag/globo/globoid/prod/utag.js, line 12: TypeError: window.utag_data is undefined
JavaScript error: https://eus.rubiconproject.com/usync.html, line 12: SecurityError: The operation is insecure.
1584979882224	Marionette	INFO	Stopped listening on port 51953

###!!! [Child][RunMessage] Error: Channel closing: too late to send/recv, messages will be lost


###!!! [Child][MessageChannel::SendAndWait] Error: Channel error: cannot send/recv

ermission: networkStatus
1584979869810	addons.webextension.screenshots@mozilla.org	WARN	Loading extension 'screenshots@mozilla.org': Reading manifest: Invalid extension permission: mozillaAddons
1584979869810	addons.webextension.screenshots@mozilla.org	WARN	Loading extension 'screenshots@mozilla.org': Reading manifest: Invalid extension permission: telemetry
1584979869810	addons.webextension.screenshots@mozilla.org	WARN	Loading extension 'screenshots@mozilla.org': Reading manifest: Invalid extension permission: resource://pdf.js/
1584979869810	addons.webextension.screenshots@mozilla.org	WARN	Loading extension 'screenshots@mozilla.org': Reading manifest: Invalid extension permission: about:reader*
JavaScript error: resource://gre/modules/XULStore.jsm, line 66: Error: Can't find profile directory.
1584979875870	Marionette	INFO	Listening on port 52138
1584979876335	Marionette	WARN	TLS certificate errors will be ignored for this session
JavaScript error: https://tags.tiqcdn.com/utag/globo/globoid/prod/utag.3.js?utv=ut4.44.202002211844, line 25: TypeError: b.status_user is undefined
JavaScript error: https://s3.glbimg.com/v1/AUTH_da787d4f4e8d46e3ad76d5fa568fe786/profiling/profiling.min.js, line 8: TypeError: document.body is null
JavaScript error: https://s3.glbimg.com/v1/AUTH_da787d4f4e8d46e3ad76d5fa568fe786/horizon-client/horizon-client-js.min.js, line 21: TypeError: a is null
JavaScript error: https://s3.glbimg.com/v1/AUTH_da787d4f4e8d46e3ad76d5fa568fe786/horizon-client/horizon-client-js.min.js, line 21: TypeError: a is null
JavaScript error: https://eus.rubiconproject.com/usync.html, line 12: SecurityError: The operation is insecure.
JavaScript error: https://eus.rubiconproject.com/usync.html, line 12: SecurityError: The operation is insecure.
1584980181806	Marionette	INFO	Stopped listening on port 52138

###!!! [Child][RunMessage] Error: Channel closing: too late to send/recv, messages will be lost


###!!! [Child][MessageChannel::SendAndWait] Error: Channel error: cannot send/recv

ermission: networkStatus
1584980177975	addons.webextension.screenshots@mozilla.org	WARN	Loading extension 'screenshots@mozilla.org': Reading manifest: Invalid extension permission: mozillaAddons
1584980177976	addons.webextension.screenshots@mozilla.org	WARN	Loading extension 'screenshots@mozilla.org': Reading manifest: Invalid extension permission: telemetry
1584980177976	addons.webextension.screenshots@mozilla.org	WARN	Loading extension 'screenshots@mozilla.org': Reading manifest: Invalid extension permission: resource://pdf.js/
1584980177976	addons.webextension.screenshots@mozilla.org	WARN	Loading extension 'screenshots@mozilla.org': Reading manifest: Invalid extension permission: about:reader*
JavaScript error: resource://gre/modules/XULStore.jsm, line 66: Error: Can't find profile directory.
console.error: "Could not write session state file " (new Error("_initWorker called too early! Please read the session file from disk first.", "resource:///modules/sessionstore/SessionFile.jsm", 375)) "_initWorker/<@resource:///modules/sessionstore/SessionFile.jsm:375:15\n_initWorker@resource:///modules/sessionstore/SessionFile.jsm:368:12\n_postToWorker@resource:///modules/sessionstore/SessionFile.jsm:410:16\nwrite@resource:///modules/sessionstore/SessionFile.jsm:448:24\nwrite@resource:///modules/sessionstore/SessionFile.jsm:75:32\n_writeState@resource:///modules/sessionstore/SessionSaver.jsm:360:24\n_saveState@resource:///modules/sessionstore/SessionSaver.jsm:294:17\n_saveStateAsync@resource:///modules/sessionstore/SessionSaver.jsm:344:10\nsaveStateAsyncWhenIdle@resource:///modules/sessionstore/SessionSaver.jsm:191:14\ncallback@resource://gre/modules/Timer.jsm:127:16\n"
JavaScript error: resource://gre/modules/JSONFile.jsm, line 173: Error: Data is not ready.
JavaScript error: , line 0: uncaught exception: 2147500037
JavaScript error: resource://gre/modules/SearchService.jsm, line 713: NS_ERROR_FAILURE: SearchService previously failed to initialize

###!!! [Child][RunMessage] Error: Channel closing: too late to send/recv, messages will be lost


###!!! [Child][MessageChannel::SendAndWait] Error: Channel error: cannot send/recv

1584980209644	mozrunner::runner	INFO	Running command: "C:\\Program Files\\Mozilla Firefox\\firefox.exe" "-marionette" "-foreground" "-no-remote" "-profile" "C:\\Users\\estev\\AppData\\Local\\Temp\\rust_mozprofileX12yG8"
1584980210341	addons.webextension.doh-rollout@mozilla.org	WARN	Loading extension 'doh-rollout@mozilla.org': Reading manifest: Invalid extension permission: networkStatus
1584980211988	addons.webextension.screenshots@mozilla.org	WARN	Loading extension 'screenshots@mozilla.org': Reading manifest: Invalid extension permission: mozillaAddons
1584980211988	addons.webextension.screenshots@mozilla.org	WARN	Loading extension 'screenshots@mozilla.org': Reading manifest: Invalid extension permission: telemetry
1584980211988	addons.webextension.screenshots@mozilla.org	WARN	Loading extension 'screenshots@mozilla.org': Reading manifest: Invalid extension permission: resource://pdf.js/
1584980211988	addons.webextension.screenshots@mozilla.org	WARN	Loading extension 'screenshots@mozilla.org': Reading manifest: Invalid extension permission: about:reader*
JavaScript error: resource://gre/modules/XULStore.jsm, line 66: Error: Can't find profile directory.
1584980217439	Marionette	INFO	Listening on port 52424
1584980217610	Marionette	WARN	TLS certificate errors will be ignored for this session
JavaScript error: https://s3.glbimg.com/v1/AUTH_da787d4f4e8d46e3ad76d5fa568fe786/profiling/profiling.min.js, line 8: TypeError: document.body is null
JavaScript error: https://s3.glbimg.com/v1/AUTH_da787d4f4e8d46e3ad76d5fa568fe786/horizon-client/horizon-client-js.min.js, line 21: TypeError: a is null
JavaScript error: https://eus.rubiconproject.com/usync.html, line 12: SecurityError: The operation is insecure.
[Parent 16224, Gecko_IOThread] WARNING: file z:/task_1583751780/build/src/ipc/chromium/src/base/process_util_win.cc, line 160
[Child 5240, Chrome_ChildThread] WARNING: pipe error: 232: file z:/task_1583751780/build/src/ipc/chromium/src/chrome/common/ipc_channel_win.cc, line 507

###!!! [Child][RunMessage] Error: Channel closing: too late to send/recv, messages will be lost

JavaScript error: resource://gre/modules/IndexedDB.jsm, line 370: UnknownError: The operation failed for reasons unrelated to the database itself and not covered by any other error code.
1584980766284	Marionette	INFO	Stopped listening on port 52424

###!!! [Child][RunMessage] Error: Channel closing: too late to send/recv, messages will be lost


###!!! [Child][MessageChannel::SendAndWait] Error: Channel error: cannot send/recv

1584980918629	mozrunner::runner	INFO	Running command: "C:\\Program Files\\Mozilla Firefox\\firefox.exe" "-marionette" "-foreground" "-no-remote" "-profile" "C:\\Users\\estev\\AppData\\Local\\Temp\\rust_mozprofileJ3oA0H"
1584980919358	addons.webextension.doh-rollout@mozilla.org	WARN	Loading extension 'doh-rollout@mozilla.org': Reading manifest: Invalid extension permission: networkStatus
1584980920931	addons.webextension.screenshots@mozilla.org	WARN	Loading extension 'screenshots@mozilla.org': Reading manifest: Invalid extension permission: mozillaAddons
1584980920931	addons.webextension.screenshots@mozilla.org	WARN	Loading extension 'screenshots@mozilla.org': Reading manifest: Invalid extension permission: telemetry
1584980920931	addons.webextension.screenshots@mozilla.org	WARN	Loading extension 'screenshots@mozilla.org': Reading manifest: Invalid extension permission: resource://pdf.js/
1584980920931	addons.webextension.screenshots@mozilla.org	WARN	Loading extension 'screenshots@mozilla.org': Reading manifest: Invalid extension permission: about:reader*
JavaScript error: resource://gre/modules/XULStore.jsm, line 66: Error: Can't find profile directory.
1584980925936	Marionette	INFO	Listening on port 52714
1584980925994	Marionette	WARN	TLS certificate errors will be ignored for this session
JavaScript error: https://s3.glbimg.com/v1/AUTH_da787d4f4e8d46e3ad76d5fa568fe786/profiling/profiling.min.js, line 8: TypeError: document.body is null
JavaScript error: https://eus.rubiconproject.com/usync.html, line 12: SecurityError: The operation is insecure.
JavaScript error: , line 0: TypeError: NetworkError when attempting to fetch resource.
1584981094675	Marionette	INFO	Stopped listening on port 52714

###!!! [Child][RunMessage] Error: Channel closing: too late to send/recv, messages will be lost


###!!! [Child][MessageChannel::SendAndWait] Error: Channel error: cannot send/recv

1584982580695	mozrunner::runner	INFO	Running command: "C:\\Program Files\\Mozilla Firefox\\firefox.exe" "-marionette" "-foreground" "-no-remote" "-profile" "C:\\Users\\estev\\AppData\\Local\\Temp\\rust_mozprofile604zzX"
1584982581464	addons.webextension.doh-rollout@mozilla.org	WARN	Loading extension 'doh-rollout@mozilla.org': Reading manifest: Invalid extension permission: networkStatus
1584982582987	addons.webextension.screenshots@mozilla.org	WARN	Loading extension 'screenshots@mozilla.org': Reading manifest: Invalid extension permission: mozillaAddons
1584982582987	addons.webextension.screenshots@mozilla.org	WARN	Loading extension 'screenshots@mozilla.org': Reading manifest: Invalid extension permission: telemetry
1584982582987	addons.webextension.screenshots@mozilla.org	WARN	Loading extension 'screenshots@mozilla.org': Reading manifest: Invalid extension permission: resource://pdf.js/
1584982582987	addons.webextension.screenshots@mozilla.org	WARN	Loading extension 'screenshots@mozilla.org': Reading manifest: Invalid extension permission: about:reader*
JavaScript error: resource://gre/modules/XULStore.jsm, line 66: Error: Can't find profile directory.
1584982587080	Marionette	INFO	Listening on port 54050
1584982587560	Marionette	WARN	TLS certificate errors will be ignored for this session
JavaScript error: https://tags.tiqcdn.com/utag/globo/globoid/prod/utag.3.js?utv=ut4.44.202002211844, line 25: TypeError: b.status_user is undefined
JavaScript error: https://s3.glbimg.com/v1/AUTH_da787d4f4e8d46e3ad76d5fa568fe786/profiling/profiling.min.js, line 8: TypeError: document.body is null
JavaScript error: https://s3.glbimg.com/v1/AUTH_da787d4f4e8d46e3ad76d5fa568fe786/horizon-client/horizon-client-js.min.js, line 21: TypeError: a is null
[Child 1008, Chrome_ChildThread] WARNING: pipe error: 232: file z:/task_1583751780/build/src/ipc/chromium/src/chrome/common/ipc_channel_win.cc, line 507
1584982632772	Marionette	INFO	Stopped listening on port 54050

###!!! [Child][RunMessage] Error: Channel closing: too late to send/recv, messages will be lost


###!!! [Child][MessageChannel::SendAndWait] Error: Channel error: cannot send/recv

1584982680199	mozrunner::runner	INFO	Running command: "C:\\Program Files\\Mozilla Firefox\\firefox.exe" "-marionette" "-foreground" "-no-remote" "-profile" "C:\\Users\\estev\\AppData\\Local\\Temp\\rust_mozprofiledGBHTr"
1584982680902	addons.webextension.doh-rollout@mozilla.org	WARN	Loading extension 'doh-rollout@mozilla.org': Reading manifest: Invalid extension permission: networkStatus
1584982682571	addons.webextension.screenshots@mozilla.org	WARN	Loading extension 'screenshots@mozilla.org': Reading manifest: Invalid extension permission: mozillaAddons
1584982682571	addons.webextension.screenshots@mozilla.org	WARN	Loading extension 'screenshots@mozilla.org': Reading manifest: Invalid extension permission: telemetry
1584982682571	addons.webextension.screenshots@mozilla.org	WARN	Loading extension 'screenshots@mozilla.org': Reading manifest: Invalid extension permission: resource://pdf.js/
1584982682571	addons.webextension.screenshots@mozilla.org	WARN	Loading extension 'screenshots@mozilla.org': Reading manifest: Invalid extension permission: about:reader*
JavaScript error: resource://gre/modules/XULStore.jsm, line 66: Error: Can't find profile directory.
1584982687711	Marionette	INFO	Listening on port 54231
1584982688143	Marionette	WARN	TLS certificate errors will be ignored for this session
JavaScript error: https://s3.glbimg.com/v1/AUTH_da787d4f4e8d46e3ad76d5fa568fe786/profiling/profiling.min.js, line 8: TypeError: document.body is null
JavaScript error: https://s3.glbimg.com/v1/AUTH_da787d4f4e8d46e3ad76d5fa568fe786/horizon-client/horizon-client-js.min.js, line 21: TypeError: a is null
[Child 4716, Chrome_ChildThread] WARNING: pipe error: 232: file z:/task_1583751780/build/src/ipc/chromium/src/chrome/common/ipc_channel_win.cc, line 507
[Child 4716, Chrome_ChildThread] WARNING: pipe error: 232: file z:/task_1583751780/build/src/ipc/chromium/src/chrome/common/ipc_channel_win.cc, line 507
1584982820915	Marionette	INFO	Stopped listening on port 54231

###!!! [Child][RunMessage] Error: Channel closing: too late to send/recv, messages will be lost


###!!! [Child][MessageChannel::SendAndWait] Error: Channel error: cannot send/recv


1584982767608	addons.webextension.screenshots@mozilla.org	WARN	Loading extension 'screenshots@mozilla.org': Reading manifest: Invalid extension permission: telemetry
1584982767608	addons.webextension.screenshots@mozilla.org	WARN	Loading extension 'screenshots@mozilla.org': Reading manifest: Invalid extension permission: resource://pdf.js/
1584982767608	addons.webextension.screenshots@mozilla.org	WARN	Loading extension 'screenshots@mozilla.org': Reading manifest: Invalid extension permission: about:reader*
JavaScript error: resource://gre/modules/XULStore.jsm, line 66: Error: Can't find profile directory.
1584982772091	Marionette	INFO	Listening on port 54437
1584982772141	Marionette	WARN	TLS certificate errors will be ignored for this session
JavaScript error: https://tags.tiqcdn.com/utag/globo/globoid/prod/utag.3.js?utv=ut4.44.202002211844, line 25: TypeError: b.status_user is undefined
1584982826793	Marionette	INFO	Stopped listening on port 54437

###!!! [Child][RunMessage] Error: Channel closing: too late to send/recv, messages will be lost


###!!! [Child][MessageChannel::SendAndWait] Error: Channel error: cannot send/recv

1584982950529	mozrunner::runner	INFO	Running command: "C:\\Program Files\\Mozilla Firefox\\firefox.exe" "-marionette" "-foreground" "-no-remote" "-profile" "C:\\Users\\estev\\AppData\\Local\\Temp\\rust_mozprofilejpsLr1"
1584982951223	addons.webextension.doh-rollout@mozilla.org	WARN	Loading extension 'doh-rollout@mozilla.org': Reading manifest: Invalid extension permission: networkStatus
1584982952205	addons.webextension.screenshots@mozilla.org	WARN	Loading extension 'screenshots@mozilla.org': Reading manifest: Invalid extension permission: mozillaAddons
1584982952206	addons.webextension.screenshots@mozilla.org	WARN	Loading extension 'screenshots@mozilla.org': Reading manifest: Invalid extension permission: telemetry
1584982952206	addons.webextension.screenshots@mozilla.org	WARN	Loading extension 'screenshots@mozilla.org': Reading manifest: Invalid extension permission: resource://pdf.js/
1584982952206	addons.webextension.screenshots@mozilla.org	WARN	Loading extension 'screenshots@mozilla.org': Reading manifest: Invalid extension permission: about:reader*
JavaScript error: resource://gre/modules/XULStore.jsm, line 66: Error: Can't find profile directory.
1584982955801	Marionette	INFO	Listening on port 54696
1584982956301	Marionette	WARN	TLS certificate errors will be ignored for this session
JavaScript error: https://s3.glbimg.com/v1/AUTH_da787d4f4e8d46e3ad76d5fa568fe786/profiling/profiling.min.js, line 8: TypeError: document.body is null
1584983241397	mozrunner::runner	INFO	Running command: "C:\\Program Files\\Mozilla Firefox\\firefox.exe" "-marionette" "-foreground" "-no-remote" "-profile" "C:\\Users\\estev\\AppData\\Local\\Temp\\rust_mozprofileLX1584981584983243037	addons.webextension.doh-rollout@mozilla.org	WARN	Loading extension 'doh-rollout@mozilla.org': Reading manifest: Invalid extension permission: ne
###!!! [Chi1584983244541	addons.webextension.screenshots@mozilla.org	WARN	Loading extension 'screenshots@mozilla.org': Reading manifest: Invalid extension permission: mozillaAddons
1584983244542	addons.webextension.screenshots@mozilla.org	WARN	Loading extension 'screenshots@mozilla.org': Reading manifest: Invalid extension permission: telemetry
1584983244542	addons.webextension.screenshots@mozilla.org	WARN	Loading extension 'screenshots@mozilla.org': Reading manifest: Invalid extension permission: resource://pdf.js/
1584983244542	addons.webextension.screenshots@mozilla.org	WARN	Loading extension 'screenshots@mozilla.org': Reading manifest: Invalid extension permission: about:reader*
JavaScript error: resource://gre/modules/XULStore.jsm, line 66: Error: Can't find profile directory.
1584983248701	Marionette	INFO	Listening on port 54932
1584983248837	Marionette	WARN	TLS certificate errors will be ignored for this session
JavaScript error: https://tags.tiqcdn.com/utag/globo/globoid/prod/utag.3.js?utv=ut4.44.202002211844, line 25: TypeError: b.status_user is undefined
JavaScript error: https://s3.glbimg.com/v1/AUTH_da787d4f4e8d46e3ad76d5fa568fe786/profiling/profiling.min.js, line 8: TypeError: document.body is null
JavaScript error: https://s3.glbimg.com/v1/AUTH_da787d4f4e8d46e3ad76d5fa568fe786/horizon-client/horizon-client-js.min.js, line 21: TypeError: a is null
JavaScript error: , line 0: TypeError: NetworkError when attempting to fetch resource.
JavaScript error: https://eus.rubiconproject.com/usync.html, line 12: SecurityError: The operation is insecure.
JavaScript error: , line 0: TypeError: NetworkError when attempting to fetch resource.
JavaScript error: https://eus.rubiconproject.com/usync.html, line 12: SecurityError: The operation is insecure.
JavaScript error: https://tags.globo.com/utag/globo/gshow/prod/utag.js, line 110: TypeError: googletag.pubads is not a function
JavaScript error: , line 0: TypeError: NetworkError when attempting to fetch resource.
JavaScript error: , line 0: TypeError: NetworkError when attempting to fetch resource.
JavaScript error: https://eus.rubiconproject.com/usync.html, line 12: SecurityError: The operation is insecure.

###!!! [Child][RunMessage] Error: Channel closing: too late to send/recv, messages will be lost


###!!! [Child][RunMessage] Error: Channel closing: too late to send/recv, messages will be lost


###!!! [Child][RunMessage] Error: Channel closing: too late to send/recv, messages will be lost

1584983370021	Marionette	INFO	Stopped listening on port 54932

###!!! [Child][RunMessage] Error: Channel closing: too late to send/recv, messages will be lost


###!!! [Child][MessageChannel::SendAndWait] Error: Channel error: cannot send/recv

1584984038777	mozrunner::runner	INFO	Running command: "C:\\Program Files\\Mozilla Firefox\\firefox.exe" "-marionette" "-foreground" "-no-remote" "-profile" "C:\\Users\\estev\\AppData\\Local\\Temp\\rust_mozprofilefSCGJy"
1584984039511	addons.webextension.doh-rollout@mozilla.org	WARN	Loading extension 'doh-rollout@mozilla.org': Reading manifest: Invalid extension permission: networkStatus
1584984040959	addons.webextension.screenshots@mozilla.org	WARN	Loading extension 'screenshots@mozilla.org': Reading manifest: Invalid extension permission: mozillaAddons
1584984040960	addons.webextension.screenshots@mozilla.org	WARN	Loading extension 'screenshots@mozilla.org': Reading manifest: Invalid extension permission: telemetry
1584984040960	addons.webextension.screenshots@mozilla.org	WARN	Loading extension 'screenshots@mozilla.org': Reading manifest: Invalid extension permission: resource://pdf.js/
1584984040960	addons.webextension.screenshots@mozilla.org	WARN	Loading extension 'screenshots@mozilla.org': Reading manifest: Invalid extension permission: about:reader*
JavaScript error: resource://gre/modules/XULStore.jsm, line 66: Error: Can't find profile directory.
1584984046092	Marionette	INFO	Listening on port 55814
1584984046557	Marionette	WARN	TLS certificate errors will be ignored for this session
JavaScript error: https://tags.tiqcdn.com/utag/globo/globoid/prod/utag.3.js?utv=ut4.44.202002211844, line 25: TypeError: b.status_user is undefined
JavaScript error: resource://gre/actors/AutoCompleteChild.jsm, line 196: Error: Invalid autocomplete selectedIndex
JavaScript error: resource://gre/actors/AutoCompleteChild.jsm, line 196: Error: Invalid autocomplete selectedIndex
JavaScript error: resource://gre/modules/LoginManagerChild.jsm, line 179: NS_ERROR_XPC_JAVASCRIPT_ERROR_WITH_DETAILS: [JavaScript Error: "Invalid autocomplete selectedIndex" {file: "resource://gre/actors/AutoCompleteChild.jsm" line: 196}]'[JavaScript Error: "Invalid autocomplete selectedIndex" {file: "resource://gre/actors/AutoCompleteChild.jsm" line: 196}]' when calling method: [nsIAutoCompletePopup::selectedIndex]
JavaScript error: https://tags.tiqcdn.com/utag/globo/gshow/prod/utag.268.js?utv=ut4.46.201911051704, line 39: TypeError: stUser is null
JavaScript error: https://tags.tiqcdn.com/utag/globo/gshow/prod/utag.268.js?utv=ut4.46.201911051704, line 39: TypeError: stUser is null
1584984115622	Marionette	INFO	Stopped listening on port 55814

###!!! [Child][RunMessage] Error: Channel closing: too late to send/recv, messages will be lost


###!!! [Child][MessageChannel::SendAndWait] Error: Channel error: cannot send/recv

1584984123334	mozrunner::runner	INFO	Running command: "C:\\Program Files\\Mozilla Firefox\\firefox.exe" "-marionette" "-foreground" "-no-remote" "-profile" "C:\\Users\\estev\\AppData\\Local\\Temp\\rust_mozprofile3mPfHA"
1584984124125	addons.webextension.doh-rollout@mozilla.org	WARN	Loading extension 'doh-rollout@mozilla.org': Reading manifest: Invalid extension permission: networkStatus
1584984126758	addons.webextension.screenshots@mozilla.org	WARN	Loading extension 'screenshots@mozilla.org': Reading manifest: Invalid extension permission: mozillaAddons
1584984126758	addons.webextension.screenshots@mozilla.org	WARN	Loading extension 'screenshots@mozilla.org': Reading manifest: Invalid extension permission: telemetry
1584984126758	addons.webextension.screenshots@mozilla.org	WARN	Loading extension 'screenshots@mozilla.org': Reading manifest: Invalid extension permission: resource://pdf.js/
1584984126758	addons.webextension.screenshots@mozilla.org	WARN	Loading extension 'screenshots@mozilla.org': Reading manifest: Invalid extension permission: about:reader*
JavaScript error: resource://gre/modules/XULStore.jsm, line 66: Error: Can't find profile directory.
1584984131432	Marionette	INFO	Listening on port 56034
1584984131708	Marionette	WARN	TLS certificate errors will be ignored for this session
JavaScript error: https://tags.tiqcdn.com/utag/globo/globoid/prod/utag.3.js?utv=ut4.44.202002211844, line 25: TypeError: b.status_user is undefined
JavaScript error: https://s3.glbimg.com/v1/AUTH_da787d4f4e8d46e3ad76d5fa568fe786/profiling/profiling.min.js, line 8: TypeError: document.body is null
JavaScript error: https://s3.glbimg.com/v1/AUTH_da787d4f4e8d46e3ad76d5fa568fe786/horizon-client/horizon-client-js.min.js, line 21: TypeError: a is null
SourceActor threw an exception: [Exception... "Component returned failure code: 0x80470002 (NS_BASE_STREAM_CLOSED) [nsIInputStream.available]"  nsresult: "0x80470002 (NS_BASE_STREAM_CLOSED)"  location: "JS frame :: resource://devtools/shared/DevToolsUtils.js :: onResponse :: line 579"  data: no]
Stack: onResponse@resource://devtools/shared/DevToolsUtils.js:579:34
onStopRequest@resource://gre/modules/NetUtil.jsm:128:18
Line: 579, column: 0
console.error: ({})
JavaScript error: resource://devtools/shared/DevToolsUtils.js, line 579: NS_BASE_STREAM_CLOSED: Component returned failure code: 0x80470002 (NS_BASE_STREAM_CLOSED) [nsIInputStream.available]
JavaScript error: https://eus.rubiconproject.com/usync.html, line 12: SecurityError: The operation is insecure.

###!!! [Parent][DispatchAsyncMessage] Error: PBackgroundIDBDatabase::Msg_PBackgroundIDBTransactionConstructor Value error: message was deserialized, but contained an illegal value

1584984722808	Marionette	INFO	Stopped listening on port 56034

###!!! [Child][RunMessage] Error: Channel closing: too late to send/recv, messages will be lost


###!!! [Child][MessageChannel::SendAndWait] Error: Channel error: cannot send/recv

illaAddons
1584984516405	addons.webextension.screenshots@mozilla.org	WARN	Loading extension 'screenshots@mozilla.org': Reading manifest: Invalid extension permission: telemetry
1584984516405	addons.webextension.screenshots@mozilla.org	WARN	Loading extension 'screenshots@mozilla.org': Reading manifest: Invalid extension permission: resource://pdf.js/
1584984516405	addons.webextension.screenshots@mozilla.org	WARN	Loading extension 'screenshots@mozilla.org': Reading manifest: Invalid extension permission: about:reader*
JavaScript error: resource://gre/modules/XULStore.jsm, line 66: Error: Can't find profile directory.
1584984522335	Marionette	INFO	Listening on port 56494
1584984522503	Marionette	WARN	TLS certificate errors will be ignored for this session
JavaScript error: https://s3.glbimg.com/v1/AUTH_da787d4f4e8d46e3ad76d5fa568fe786/profiling/profiling.min.js, line 8: TypeError: document.body is null
JavaScript error: , line 0: uncaught exception: Object
JavaScript error: https://eus.rubiconproject.com/usync.html, line 12: SecurityError: The operation is insecure.

###!!! [Child][RunMessage] Error: Channel closing: too late to send/recv, messages will be lost


###!!! [Child][RunMessage] Error: Channel closing: too late to send/recv, messages will be lost

1584984722645	Marionette	INFO	Stopped listening on port 56494

###!!! [Child][RunMessage] Error: Channel closing: too late to send/recv, messages will be lost


###!!! [Child][MessageChannel::SendAndWait] Error: Channel error: cannot send/recv

1584985175736	mozrunner::runner	INFO	Running command: "C:\\Program Files\\Mozilla Firefox\\firefox.exe" "-marionette" "-foreground" "-no-remote" "-profile" "C:\\Users\\estev\\AppData\\Local\\Temp\\rust_mozprofileCvmg8e"
1584985177350	addons.webextension.doh-rollout@mozilla.org	WARN	Loading extension 'doh-rollout@mozilla.org': Reading manifest: Invalid extension permission: networkStatus
1584985179192	addons.webextension.screenshots@mozilla.org	WARN	Loading extension 'screenshots@mozilla.org': Reading manifest: Invalid extension permission: mozillaAddons
1584985179192	addons.webextension.screenshots@mozilla.org	WARN	Loading extension 'screenshots@mozilla.org': Reading manifest: Invalid extension permission: telemetry
1584985179192	addons.webextension.screenshots@mozilla.org	WARN	Loading extension 'screenshots@mozilla.org': Reading manifest: Invalid extension permission: resource://pdf.js/
1584985179192	addons.webextension.screenshots@mozilla.org	WARN	Loading extension 'screenshots@mozilla.org': Reading manifest: Invalid extension permission: about:reader*
JavaScript error: resource://gre/modules/XULStore.jsm, line 66: Error: Can't find profile directory.
1584985184752	Marionette	INFO	Listening on port 57026
1584985185205	Marionette	WARN	TLS certificate errors will be ignored for this session
JavaScript error: https://s3.glbimg.com/v1/AUTH_da787d4f4e8d46e3ad76d5fa568fe786/profiling/profiling.min.js, line 8: TypeError: document.body is null
JavaScript error: https://s3.glbimg.com/v1/AUTH_da787d4f4e8d46e3ad76d5fa568fe786/horizon-client/horizon-client-js.min.js, line 21: TypeError: a is null
JavaScript error: , line 0: TypeError: NetworkError when attempting to fetch resource.
JavaScript error: https://eus.rubiconproject.com/usync.html, line 12: SecurityError: The operation is insecure.
JavaScript error: , line 0: TypeError: NetworkError when attempting to fetch resource.
1584985275033	Marionette	INFO	Stopped listening on port 57026

###!!! [Child][RunMessage] Error: Channel closing: too late to send/recv, messages will be lost


###!!! [Child][MessageChannel::SendAndWait] Error: Channel error: cannot send/recv

1584985618960	mozrunner::runner	INFO	Running command: "C:\\Program Files\\Mozilla Firefox\\firefox.exe" "-marionette" "-foreground" "-no-remote" "-profile" "C:\\Users\\estev\\AppData\\Local\\Temp\\rust_mozprofileEWFF80"
1584985619872	addons.webextension.doh-rollout@mozilla.org	WARN	Loading extension 'doh-rollout@mozilla.org': Reading manifest: Invalid extension permission: networkStatus
1584985621960	addons.webextension.screenshots@mozilla.org	WARN	Loading extension 'screenshots@mozilla.org': Reading manifest: Invalid extension permission: mozillaAddons
1584985621960	addons.webextension.screenshots@mozilla.org	WARN	Loading extension 'screenshots@mozilla.org': Reading manifest: Invalid extension permission: telemetry
1584985621960	addons.webextension.screenshots@mozilla.org	WARN	Loading extension 'screenshots@mozilla.org': Reading manifest: Invalid extension permission: resource://pdf.js/
1584985621960	addons.webextension.screenshots@mozilla.org	WARN	Loading extension 'screenshots@mozilla.org': Reading manifest: Invalid extension permission: about:reader*
JavaScript error: resource://gre/modules/XULStore.jsm, line 66: Error: Can't find profile directory.
1584985626032	Marionette	INFO	Listening on port 57387
1584985626339	Marionette	WARN	TLS certificate errors will be ignored for this session
JavaScript error: https://tags.tiqcdn.com/utag/globo/globoid/prod/utag.3.js?utv=ut4.44.202002211844, line 25: TypeError: b.status_user is undefined
JavaScript error: https://s3.glbimg.com/v1/AUTH_da787d4f4e8d46e3ad76d5fa568fe786/profiling/profiling.min.js, line 8: TypeError: document.body is null
JavaScript error: https://s3.glbimg.com/v1/AUTH_da787d4f4e8d46e3ad76d5fa568fe786/horizon-client/horizon-client-js.min.js, line 21: TypeError: a is null
JavaScript error: https://eus.rubiconproject.com/usync.html, line 12: SecurityError: The operation is insecure.

###!!! [Child][RunMessage] Error: Channel closing: too late to send/recv, messages will be lost


###!!! [Child][RunMessage] Error: Channel closing: too late to send/recv, messages will be lost

1584986297477	Marionette	INFO	Stopped listening on port 57387

###!!! [Child][RunMessage] Error: Channel closing: too late to send/recv, messages will be lost


###!!! [Child][MessageChannel::SendAndWait] Error: Channel error: cannot send/recv

86059166	addons.webextension.screenshots@mozilla.org	WARN	Loading extension 'screenshots@mozilla.org': Reading manifest: Invalid extension permission: telemetry
1584986059166	addons.webextension.screenshots@mozilla.org	WARN	Loading extension 'screenshots@mozilla.org': Reading manifest: Invalid extension permission: resource://pdf.js/
1584986059166	addons.webextension.screenshots@mozilla.org	WARN	Loading extension 'screenshots@mozilla.org': Reading manifest: Invalid extension permission: about:reader*
JavaScript error: resource://gre/modules/XULStore.jsm, line 66: Error: Can't find profile directory.
1584986063904	Marionette	INFO	Listening on port 57631
1584986064378	Marionette	WARN	TLS certificate errors will be ignored for this session
JavaScript error: https://s3.glbimg.com/v1/AUTH_da787d4f4e8d46e3ad76d5fa568fe786/profiling/profiling.min.js, line 8: TypeError: document.body is null
JavaScript error: https://s3.glbimg.com/v1/AUTH_da787d4f4e8d46e3ad76d5fa568fe786/horizon-client/horizon-client-js.min.js, line 21: TypeError: a is null
JavaScript error: https://eus.rubiconproject.com/usync.html, line 12: SecurityError: The operation is insecure.
1584986296664	Marionette	INFO	Stopped listening on port 57631

###!!! [Child][RunMessage] Error: Channel closing: too late to send/recv, messages will be lost


###!!! [Child][MessageChannel::SendAndWait] Error: Channel error: cannot send/recv

ermission: networkStatus
1584986231505	addons.webextension.screenshots@mozilla.org	WARN	Loading extension 'screenshots@mozilla.org': Reading manifest: Invalid extension permission: mozillaAddons
1584986231506	addons.webextension.screenshots@mozilla.org	WARN	Loading extension 'screenshots@mozilla.org': Reading manifest: Invalid extension permission: telemetry
1584986231506	addons.webextension.screenshots@mozilla.org	WARN	Loading extension 'screenshots@mozilla.org': Reading manifest: Invalid extension permission: resource://pdf.js/
1584986231506	addons.webextension.screenshots@mozilla.org	WARN	Loading extension 'screenshots@mozilla.org': Reading manifest: Invalid extension permission: about:reader*
JavaScript error: resource://gre/modules/XULStore.jsm, line 66: Error: Can't find profile directory.
1584986236872	Marionette	INFO	Listening on port 57822
1584986236944	Marionette	WARN	TLS certificate errors will be ignored for this session
JavaScript error: https://tags.tiqcdn.com/utag/globo/globoid/prod/utag.3.js?utv=ut4.44.202002211844, line 25: TypeError: b.status_user is undefined
JavaScript error: https://s3.glbimg.com/v1/AUTH_da787d4f4e8d46e3ad76d5fa568fe786/profiling/profiling.min.js, line 8: TypeError: document.body is null
JavaScript error: https://s3.glbimg.com/v1/AUTH_da787d4f4e8d46e3ad76d5fa568fe786/horizon-client/horizon-client-js.min.js, line 21: TypeError: a is null
JavaScript error: https://eus.rubiconproject.com/usync.html, line 12: SecurityError: The operation is insecure.
1584986284695	Marionette	INFO	Stopped listening on port 57822

###!!! [Child][RunMessage] Error: Channel closing: too late to send/recv, messages will be lost


###!!! [Child][MessageChannel::SendAndWait] Error: Channel error: cannot send/recv

1584986343477	mozrunner::runner	INFO	Running command: "C:\\Program Files\\Mozilla Firefox\\firefox.exe" "-marionette" "-foreground" "-no-remote" "-profile" "C:\\Users\\estev\\AppData\\Local\\Temp\\rust_mozprofileOBb7xc"
1584986344202	addons.webextension.doh-rollout@mozilla.org	WARN	Loading extension 'doh-rollout@mozilla.org': Reading manifest: Invalid extension permission: networkStatus
1584986345970	addons.webextension.screenshots@mozilla.org	WARN	Loading extension 'screenshots@mozilla.org': Reading manifest: Invalid extension permission: mozillaAddons
1584986345970	addons.webextension.screenshots@mozilla.org	WARN	Loading extension 'screenshots@mozilla.org': Reading manifest: Invalid extension permission: telemetry
1584986345970	addons.webextension.screenshots@mozilla.org	WARN	Loading extension 'screenshots@mozilla.org': Reading manifest: Invalid extension permission: resource://pdf.js/
1584986345970	addons.webextension.screenshots@mozilla.org	WARN	Loading extension 'screenshots@mozilla.org': Reading manifest: Invalid extension permission: about:reader*
JavaScript error: resource://gre/modules/XULStore.jsm, line 66: Error: Can't find profile directory.
1584986350615	Marionette	INFO	Listening on port 58013
1584986351120	Marionette	WARN	TLS certificate errors will be ignored for this session
JavaScript error: https://s3.glbimg.com/v1/AUTH_da787d4f4e8d46e3ad76d5fa568fe786/profiling/profiling.min.js, line 8: TypeError: document.body is null
JavaScript error: , line 0: uncaught exception: Object
JavaScript error: https://s3.glbimg.com/v1/AUTH_da787d4f4e8d46e3ad76d5fa568fe786/horizon-client/horizon-client-js.min.js, line 21: TypeError: a is null
JavaScript error: https://eus.rubiconproject.com/usync.html, line 12: SecurityError: The operation is insecure.
1584988768485	Marionette	INFO	Stopped listening on port 58013

###!!! [Child][RunMessage] Error: Channel closing: too late to send/recv, messages will be lost


###!!! [Child][MessageChannel::SendAndWait] Error: Channel error: cannot send/recv

ermission: networkStatus
1584988482303	addons.webextension.screenshots@mozilla.org	WARN	Loading extension 'screenshots@mozilla.org': Reading manifest: Invalid extension permission: mozillaAddons
1584988482304	addons.webextension.screenshots@mozilla.org	WARN	Loading extension 'screenshots@mozilla.org': Reading manifest: Invalid extension permission: telemetry
1584988482304	addons.webextension.screenshots@mozilla.org	WARN	Loading extension 'screenshots@mozilla.org': Reading manifest: Invalid extension permission: resource://pdf.js/
1584988482304	addons.webextension.screenshots@mozilla.org	WARN	Loading extension 'screenshots@mozilla.org': Reading manifest: Invalid extension permission: about:reader*
JavaScript error: resource://gre/modules/XULStore.jsm, line 66: Error: Can't find profile directory.
1584988486883	Marionette	INFO	Listening on port 58444
1584988487314	Marionette	WARN	TLS certificate errors will be ignored for this session
JavaScript error: https://s3.glbimg.com/v1/AUTH_da787d4f4e8d46e3ad76d5fa568fe786/profiling/profiling.min.js, line 8: TypeError: document.body is null
JavaScript error: https://s3.glbimg.com/v1/AUTH_da787d4f4e8d46e3ad76d5fa568fe786/horizon-client/horizon-client-js.min.js, line 21: TypeError: a is null
JavaScript error: https://eus.rubiconproject.com/usync.html, line 12: SecurityError: The operation is insecure.
1584988764915	Marionette	INFO	Stopped listening on port 58444

###!!! [Child][MessageChannel::SendAndWait] Error: Channel error: cannot send/recv

1584989015272	mozrunner::runner	INFO	Running command: "C:\\Program Files\\Mozilla Firefox\\firefox.exe" "-marionette" "-foreground" "-no-remote" "-profile" "C:\\Users\\estev\\AppData\\Local\\Temp\\rust_mozprofileRD5meb"
1584989016302	addons.webextension.doh-rollout@mozilla.org	WARN	Loading extension 'doh-rollout@mozilla.org': Reading manifest: Invalid extension permission: networkStatus
1584989018273	addons.webextension.screenshots@mozilla.org	WARN	Loading extension 'screenshots@mozilla.org': Reading manifest: Invalid extension permission: mozillaAddons
1584989018273	addons.webextension.screenshots@mozilla.org	WARN	Loading extension 'screenshots@mozilla.org': Reading manifest: Invalid extension permission: telemetry
1584989018273	addons.webextension.screenshots@mozilla.org	WARN	Loading extension 'screenshots@mozilla.org': Reading manifest: Invalid extension permission: resource://pdf.js/
1584989018273	addons.webextension.screenshots@mozilla.org	WARN	Loading extension 'screenshots@mozilla.org': Reading manifest: Invalid extension permission: about:reader*
JavaScript error: resource://gre/modules/XULStore.jsm, line 66: Error: Can't find profile directory.
1584989022908	Marionette	INFO	Listening on port 58730
1584989023195	Marionette	WARN	TLS certificate errors will be ignored for this session
JavaScript error: https://s3.glbimg.com/v1/AUTH_da787d4f4e8d46e3ad76d5fa568fe786/profiling/profiling.min.js, line 8: TypeError: document.body is null
JavaScript error: https://s3.glbimg.com/v1/AUTH_da787d4f4e8d46e3ad76d5fa568fe786/horizon-client/horizon-client-js.min.js, line 21: TypeError: a is null
1584989074932	Marionette	INFO	Stopped listening on port 58730

###!!! [Child][RunMessage] Error: Channel closing: too late to send/recv, messages will be lost


###!!! [Child][MessageChannel::SendAndWait] Error: Channel error: cannot send/recv

1584989271178	mozrunner::runner	INFO	Running command: "C:\\Program Files\\Mozilla Firefox\\firefox.exe" "-marionette" "-foreground" "-no-remote" "-profile" "C:\\Users\\estev\\AppData\\Local\\Temp\\rust_mozprofilet3kvz1"
1584989271835	addons.webextension.doh-rollout@mozilla.org	WARN	Loading extension 'doh-rollout@mozilla.org': Reading manifest: Invalid extension permission: networkStatus
1584989273228	addons.webextension.screenshots@mozilla.org	WARN	Loading extension 'screenshots@mozilla.org': Reading manifest: Invalid extension permission: mozillaAddons
1584989273228	addons.webextension.screenshots@mozilla.org	WARN	Loading extension 'screenshots@mozilla.org': Reading manifest: Invalid extension permission: telemetry
1584989273228	addons.webextension.screenshots@mozilla.org	WARN	Loading extension 'screenshots@mozilla.org': Reading manifest: Invalid extension permission: resource://pdf.js/
1584989273228	addons.webextension.screenshots@mozilla.org	WARN	Loading extension 'screenshots@mozilla.org': Reading manifest: Invalid extension permission: about:reader*
JavaScript error: resource://gre/modules/XULStore.jsm, line 66: Error: Can't find profile directory.
1584989278027	Marionette	INFO	Listening on port 58927
1584989278116	Marionette	WARN	TLS certificate errors will be ignored for this session
JavaScript error: https://tags.tiqcdn.com/utag/globo/globoid/prod/utag.3.js?utv=ut4.44.202002211844, line 25: TypeError: b.status_user is undefined
JavaScript error: https://s3.glbimg.com/v1/AUTH_da787d4f4e8d46e3ad76d5fa568fe786/profiling/profiling.min.js, line 8: TypeError: document.body is null
JavaScript error: resource:///modules/sessionstore/SessionStore.jsm, line 1844: TypeError: subject.QueryInterface is not a function
A content process crashed and MOZ_CRASHREPORTER_SHUTDOWN is set, shutting down
1584989807045	Marionette	INFO	Stopped listening on port 58927

###!!! [Child][RunMessage] Error: Channel closing: too late to send/recv, messages will be lost


###!!! [Child][MessageChannel::SendAndWait] Error: Channel error: cannot send/recv

1584991447690	mozrunner::runner	INFO	Running command: "C:\\Program Files\\Mozilla Firefox\\firefox.exe" "-marionette" "-foreground" "-no-remote" "-profile" "C:\\Users\\estev\\AppData\\Local\\Temp\\rust_mozprofileD5UFbQ"
1584991448541	addons.webextension.doh-rollout@mozilla.org	WARN	Loading extension 'doh-rollout@mozilla.org': Reading manifest: Invalid extension permission: networkStatus
1584991449880	addons.webextension.screenshots@mozilla.org	WARN	Loading extension 'screenshots@mozilla.org': Reading manifest: Invalid extension permission: mozillaAddons
1584991449880	addons.webextension.screenshots@mozilla.org	WARN	Loading extension 'screenshots@mozilla.org': Reading manifest: Invalid extension permission: telemetry
1584991449880	addons.webextension.screenshots@mozilla.org	WARN	Loading extension 'screenshots@mozilla.org': Reading manifest: Invalid extension permission: resource://pdf.js/
1584991449880	addons.webextension.screenshots@mozilla.org	WARN	Loading extension 'screenshots@mozilla.org': Reading manifest: Invalid extension permission: about:reader*
JavaScript error: resource://gre/modules/XULStore.jsm, line 66: Error: Can't find profile directory.
1584991455680	Marionette	INFO	Listening on port 60039
1584991456084	Marionette	WARN	TLS certificate errors will be ignored for this session
JavaScript error: https://s3.glbimg.com/v1/AUTH_da787d4f4e8d46e3ad76d5fa568fe786/profiling/profiling.min.js, line 8: TypeError: document.body is null
JavaScript error: https://s3.glbimg.com/v1/AUTH_da787d4f4e8d46e3ad76d5fa568fe786/horizon-client/horizon-client-js.min.js, line 21: TypeError: a is null
JavaScript error: resource:///modules/sessionstore/SessionStore.jsm, line 1844: TypeError: subject.QueryInterface is not a function
A content process crashed and MOZ_CRASHREPORTER_SHUTDOWN is set, shutting down
1584991630189	Marionette	INFO	Stopped listening on port 60039

###!!! [Child][RunMessage] Error: Channel closing: too late to send/recv, messages will be lost


###!!! [Child][MessageChannel::SendAndWait] Error: Channel error: cannot send/recv

1585065403035	mozrunner::runner	INFO	Running command: "C:\\Program Files\\Mozilla Firefox\\firefox.exe" "-marionette" "-foreground" "-no-remote" "-profile" "C:\\Users\\estev\\AppData\\Local\\Temp\\rust_mozprofilenLsHbt"
1585065405098	addons.webextension.doh-rollout@mozilla.org	WARN	Loading extension 'doh-rollout@mozilla.org': Reading manifest: Invalid extension permission: networkStatus
1585065407053	addons.webextension.screenshots@mozilla.org	WARN	Loading extension 'screenshots@mozilla.org': Reading manifest: Invalid extension permission: mozillaAddons
1585065407053	addons.webextension.screenshots@mozilla.org	WARN	Loading extension 'screenshots@mozilla.org': Reading manifest: Invalid extension permission: telemetry
1585065407053	addons.webextension.screenshots@mozilla.org	WARN	Loading extension 'screenshots@mozilla.org': Reading manifest: Invalid extension permission: resource://pdf.js/
1585065407053	addons.webextension.screenshots@mozilla.org	WARN	Loading extension 'screenshots@mozilla.org': Reading manifest: Invalid extension permission: about:reader*
JavaScript error: resource://gre/modules/XULStore.jsm, line 66: Error: Can't find profile directory.
1585065411198	Marionette	INFO	Listening on port 61859
1585065411410	Marionette	WARN	TLS certificate errors will be ignored for this session
JavaScript error: https://tags.tiqcdn.com/utag/globo/globoid/prod/utag.3.js?utv=ut4.44.202002211844, line 25: TypeError: b.status_user is undefined
JavaScript error: https://s3.glbimg.com/v1/AUTH_da787d4f4e8d46e3ad76d5fa568fe786/profiling/profiling.min.js, line 8: TypeError: document.body is null
JavaScript error: https://s3.glbimg.com/v1/AUTH_da787d4f4e8d46e3ad76d5fa568fe786/profiling/profiling.min.js, line 8: TypeError: document.body is null
JavaScript error: https://eus.rubiconproject.com/usync.html, line 12: SecurityError: The operation is insecure.
1585065504246	Marionette	INFO	Stopped listening on port 61859

###!!! [Child][RunMessage] Error: Channel closing: too late to send/recv, messages will be lost


###!!! [Child][MessageChannel::SendAndWait] Error: Channel error: cannot send/recv

1585065953491	mozrunner::runner	INFO	Running command: "C:\\Program Files\\Mozilla Firefox\\firefox.exe" "-marionette" "-foreground" "-no-remote" "-profile" "C:\\Users\\estev\\AppData\\Local\\Temp\\rust_mozprofileO22uEn"
1585065954145	addons.webextension.doh-rollout@mozilla.org	WARN	Loading extension 'doh-rollout@mozilla.org': Reading manifest: Invalid extension permission: networkStatus
1585065955590	addons.webextension.screenshots@mozilla.org	WARN	Loading extension 'screenshots@mozilla.org': Reading manifest: Invalid extension permission: mozillaAddons
1585065955590	addons.webextension.screenshots@mozilla.org	WARN	Loading extension 'screenshots@mozilla.org': Reading manifest: Invalid extension permission: telemetry
1585065955590	addons.webextension.screenshots@mozilla.org	WARN	Loading extension 'screenshots@mozilla.org': Reading manifest: Invalid extension permission: resource://pdf.js/
1585065955590	addons.webextension.screenshots@mozilla.org	WARN	Loading extension 'screenshots@mozilla.org': Reading manifest: Invalid extension permission: about:reader*
JavaScript error: resource://gre/modules/XULStore.jsm, line 66: Error: Can't find profile directory.
1585065960743	Marionette	INFO	Listening on port 62666
1585065960859	Marionette	WARN	TLS certificate errors will be ignored for this session

###!!! [Child][MessageChannel] Error: (msgtype=0x58000D,name=PHttpChannel::Msg_DeletingChannel) Channel closing: too late to send/recv, messages will be lost


###!!! [Child][MessageChannel] Error: (msgtype=0x37012E,name=PContent::Msg_ScriptError) Channel closing: too late to send/recv, messages will be lost


###!!! [Child][MessageChannel] Error: (msgtype=0x58000D,name=PHttpChannel::Msg_DeletingChannel) Channel closing: too late to send/recv, messages will be lost


###!!! [Child][MessageChannel] Error: (msgtype=0x37012E,name=PContent::Msg_ScriptError) Channel closing: too late to send/recv, messages will be lost


###!!! [Child][MessageChannel] Error: (msgtype=0x58000D,name=PHttpChannel::Msg_DeletingChannel) Channel closing: too late to send/recv, messages will be lost


###!!! [Child][RunMessage] Error: Channel closing: too late to send/recv, messages will be lost


###!!! [Child][MessageChannel] Error: (msgtype=0x37012E,name=PContent::Msg_ScriptError) Channel closing: too late to send/recv, messages will be lost


###!!! [Child][MessageChannel] Error: (msgtype=0x37012E,name=PContent::Msg_ScriptError) Channel closing: too late to send/recv, messages will be lost

1585065973860	Marionette	INFO	Stopped listening on port 62666

###!!! [Child][RunMessage] Error: Channel closing: too late to send/recv, messages will be lost


###!!! [Child][MessageChannel::SendAndWait] Error: Channel error: cannot send/recv

1585066478612	mozrunner::runner	INFO	Running command: "C:\\Program Files\\Mozilla Firefox\\firefox.exe" "-marionette" "-foreground" "-no-remote" "-profile" "C:\\Users\\estev\\AppData\\Local\\Temp\\rust_mozprofileJfPPja"
1585066479454	addons.webextension.doh-rollout@mozilla.org	WARN	Loading extension 'doh-rollout@mozilla.org': Reading manifest: Invalid extension permission: networkStatus
1585066481052	addons.webextension.screenshots@mozilla.org	WARN	Loading extension 'screenshots@mozilla.org': Reading manifest: Invalid extension permission: mozillaAddons
1585066481052	addons.webextension.screenshots@mozilla.org	WARN	Loading extension 'screenshots@mozilla.org': Reading manifest: Invalid extension permission: telemetry
1585066481052	addons.webextension.screenshots@mozilla.org	WARN	Loading extension 'screenshots@mozilla.org': Reading manifest: Invalid extension permission: resource://pdf.js/
1585066481052	addons.webextension.screenshots@mozilla.org	WARN	Loading extension 'screenshots@mozilla.org': Reading manifest: Invalid extension permission: about:reader*
JavaScript error: resource://gre/modules/XULStore.jsm, line 66: Error: Can't find profile directory.
1585066485139	Marionette	INFO	Listening on port 63529
1585066485500	Marionette	WARN	TLS certificate errors will be ignored for this session
JavaScript error: https://tags.tiqcdn.com/utag/globo/globoid/prod/utag.3.js?utv=ut4.44.202002211844, line 25: TypeError: b.status_user is undefined
JavaScript error: https://s3.glbimg.com/v1/AUTH_da787d4f4e8d46e3ad76d5fa568fe786/profiling/profiling.min.js, line 8: TypeError: document.body is null
JavaScript error: , line 0: uncaught exception: Object
JavaScript error: resource:///modules/sessionstore/SessionStore.jsm, line 1844: TypeError: subject.QueryInterface is not a function
A content process crashed and MOZ_CRASHREPORTER_SHUTDOWN is set, shutting down
1585067308753	Marionette	INFO	Stopped listening on port 63529

###!!! [Child][RunMessage] Error: Channel closing: too late to send/recv, messages will be lost


###!!! [Child][MessageChannel::SendAndWait] Error: Channel error: cannot send/recv

1585069933764	mozrunner::runner	INFO	Running command: "C:\\Program Files\\Mozilla Firefox\\firefox.exe" "-marionette" "-foreground" "-no-remote" "-profile" "C:\\Users\\estev\\AppData\\Local\\Temp\\rust_mozprofileWLehnr"
1585069934819	addons.webextension.doh-rollout@mozilla.org	WARN	Loading extension 'doh-rollout@mozilla.org': Reading manifest: Invalid extension permission: networkStatus
1585069936364	addons.webextension.screenshots@mozilla.org	WARN	Loading extension 'screenshots@mozilla.org': Reading manifest: Invalid extension permission: mozillaAddons
1585069936364	addons.webextension.screenshots@mozilla.org	WARN	Loading extension 'screenshots@mozilla.org': Reading manifest: Invalid extension permission: telemetry
1585069936364	addons.webextension.screenshots@mozilla.org	WARN	Loading extension 'screenshots@mozilla.org': Reading manifest: Invalid extension permission: resource://pdf.js/
1585069936364	addons.webextension.screenshots@mozilla.org	WARN	Loading extension 'screenshots@mozilla.org': Reading manifest: Invalid extension permission: about:reader*
JavaScript error: resource://gre/modules/XULStore.jsm, line 66: Error: Can't find profile directory.
1585069940984	Marionette	INFO	Listening on port 50170
1585069941289	Marionette	WARN	TLS certificate errors will be ignored for this session
JavaScript error: https://tags.tiqcdn.com/utag/globo/globoid/prod/utag.3.js?utv=ut4.44.202002211844, line 25: TypeError: b.status_user is undefined
JavaScript error: https://s3.glbimg.com/v1/AUTH_da787d4f4e8d46e3ad76d5fa568fe786/profiling/profiling.min.js, line 8: TypeError: document.body is null
JavaScript error: , line 0: NotSupportedError: The media resource indicated by the src attribute or assigned media provider object was not suitable.
JavaScript error: , line 0: NotSupportedError: The media resource indicated by the src attribute or assigned media provider object was not suitable.
JavaScript error: https://eus.rubiconproject.com/usync.html, line 12: SecurityError: The operation is insecure.

###!!! [Child][RunMessage] Error: Channel closing: too late to send/recv, messages will be lost

1585070074246	Marionette	INFO	Stopped listening on port 50170

###!!! [Child][RunMessage] Error: Channel closing: too late to send/recv, messages will be lost


###!!! [Child][MessageChannel::SendAndWait] Error: Channel error: cannot send/recv

1585079162739	mozrunner::runner	INFO	Running command: "C:\\Program Files\\Mozilla Firefox\\firefox.exe" "-marionette" "-foreground" "-no-remote" "-profile" "C:\\Users\\estev\\AppData\\Local\\Temp\\rust_mozprofilejLNb3r"
1585079164576	addons.webextension.doh-rollout@mozilla.org	WARN	Loading extension 'doh-rollout@mozilla.org': Reading manifest: Invalid extension permission: networkStatus
1585079166107	addons.webextension.screenshots@mozilla.org	WARN	Loading extension 'screenshots@mozilla.org': Reading manifest: Invalid extension permission: mozillaAddons
1585079166107	addons.webextension.screenshots@mozilla.org	WARN	Loading extension 'screenshots@mozilla.org': Reading manifest: Invalid extension permission: telemetry
1585079166107	addons.webextension.screenshots@mozilla.org	WARN	Loading extension 'screenshots@mozilla.org': Reading manifest: Invalid extension permission: resource://pdf.js/
1585079166107	addons.webextension.screenshots@mozilla.org	WARN	Loading extension 'screenshots@mozilla.org': Reading manifest: Invalid extension permission: about:reader*
JavaScript error: resource://gre/modules/XULStore.jsm, line 66: Error: Can't find profile directory.
1585079171564	Marionette	INFO	Listening on port 51022
1585079172124	Marionette	WARN	TLS certificate errors will be ignored for this session
JavaScript error: https://tags.tiqcdn.com/utag/globo/globoid/prod/utag.3.js?utv=ut4.44.202002211844, line 25: TypeError: b.status_user is undefined
JavaScript error: https://s3.glbimg.com/v1/AUTH_da787d4f4e8d46e3ad76d5fa568fe786/profiling/profiling.min.js, line 8: TypeError: document.body is null
JavaScript error: , line 0: NotSupportedError: The media resource indicated by the src attribute or assigned media provider object was not suitable.
JavaScript error: , line 0: NotSupportedError: The media resource indicated by the src attribute or assigned media provider object was not suitable.
1585079265373	Marionette	INFO	Stopped listening on port 51022
JavaScript error: https://eus.rubiconproject.com/usync.html, line 12: SecurityError: The operation is insecure.

###!!! [Child][RunMessage] Error: Channel closing: too late to send/recv, messages will be lost


###!!! [Child][MessageChannel::SendAndWait] Error: Channel error: cannot send/recv

1585079274569	mozrunner::runner	INFO	Running command: "C:\\Program Files\\Mozilla Firefox\\firefox.exe" "-marionette" "-foreground" "-no-remote" "-profile" "C:\\Users\\estev\\AppData\\Local\\Temp\\rust_mozprofileAZzAva"
1585079275121	addons.webextension.doh-rollout@mozilla.org	WARN	Loading extension 'doh-rollout@mozilla.org': Reading manifest: Invalid extension permission: networkStatus
1585079276263	addons.webextension.screenshots@mozilla.org	WARN	Loading extension 'screenshots@mozilla.org': Reading manifest: Invalid extension permission: mozillaAddons
1585079276263	addons.webextension.screenshots@mozilla.org	WARN	Loading extension 'screenshots@mozilla.org': Reading manifest: Invalid extension permission: telemetry
1585079276263	addons.webextension.screenshots@mozilla.org	WARN	Loading extension 'screenshots@mozilla.org': Reading manifest: Invalid extension permission: resource://pdf.js/
1585079276263	addons.webextension.screenshots@mozilla.org	WARN	Loading extension 'screenshots@mozilla.org': Reading manifest: Invalid extension permission: about:reader*
JavaScript error: resource://gre/modules/XULStore.jsm, line 66: Error: Can't find profile directory.
1585079280439	Marionette	INFO	Listening on port 51213
1585079280840	Marionette	WARN	TLS certificate errors will be ignored for this session
JavaScript error: https://tags.tiqcdn.com/utag/globo/globoid/prod/utag.3.js?utv=ut4.44.202002211844, line 25: TypeError: b.status_user is undefined
JavaScript error: https://s3.glbimg.com/v1/AUTH_da787d4f4e8d46e3ad76d5fa568fe786/profiling/profiling.min.js, line 8: TypeError: document.body is null
JavaScript error: https://eus.rubiconproject.com/usync.html, line 12: SecurityError: The operation is insecure.
1585079473494	Marionette	INFO	Stopped listening on port 51213

###!!! [Child][RunMessage] Error: Channel closing: too late to send/recv, messages will be lost


###!!! [Child][MessageChannel::SendAndWait] Error: Channel error: cannot send/recv

1585079483679	mozrunner::runner	INFO	Running command: "C:\\Program Files\\Mozilla Firefox\\firefox.exe" "-marionette" "-foreground" "-no-remote" "-profile" "C:\\Users\\estev\\AppData\\Local\\Temp\\rust_mozprofileppm7BD"
1585079484422	addons.webextension.doh-rollout@mozilla.org	WARN	Loading extension 'doh-rollout@mozilla.org': Reading manifest: Invalid extension permission: networkStatus
1585079485886	addons.webextension.screenshots@mozilla.org	WARN	Loading extension 'screenshots@mozilla.org': Reading manifest: Invalid extension permission: mozillaAddons
1585079485886	addons.webextension.screenshots@mozilla.org	WARN	Loading extension 'screenshots@mozilla.org': Reading manifest: Invalid extension permission: telemetry
1585079485887	addons.webextension.screenshots@mozilla.org	WARN	Loading extension 'screenshots@mozilla.org': Reading manifest: Invalid extension permission: resource://pdf.js/
1585079485887	addons.webextension.screenshots@mozilla.org	WARN	Loading extension 'screenshots@mozilla.org': Reading manifest: Invalid extension permission: about:reader*
JavaScript error: resource://gre/modules/XULStore.jsm, line 66: Error: Can't find profile directory.
1585079489455	Marionette	INFO	Listening on port 51436
1585079489950	Marionette	WARN	TLS certificate errors will be ignored for this session
JavaScript error: https://tags.tiqcdn.com/utag/globo/globoid/prod/utag.3.js?utv=ut4.44.202002211844, line 25: TypeError: b.status_user is undefined
JavaScript error: https://s3.glbimg.com/v1/AUTH_da787d4f4e8d46e3ad76d5fa568fe786/profiling/profiling.min.js, line 8: TypeError: document.body is null
1585079540043	Marionette	INFO	Stopped listening on port 51436
JavaScript error: https://eus.rubiconproject.com/usync.html, line 12: SecurityError: The operation is insecure.

###!!! [Child][RunMessage] Error: Channel closing: too late to send/recv, messages will be lost


###!!! [Child][MessageChannel::SendAndWait] Error: Channel error: cannot send/recv

1585079554505	mozrunner::runner	INFO	Running command: "C:\\Program Files\\Mozilla Firefox\\firefox.exe" "-marionette" "-foreground" "-no-remote" "-profile" "C:\\Users\\estev\\AppData\\Local\\Temp\\rust_mozprofileWcWkyO"
1585079555281	addons.webextension.doh-rollout@mozilla.org	WARN	Loading extension 'doh-rollout@mozilla.org': Reading manifest: Invalid extension permission: networkStatus
1585079556754	addons.webextension.screenshots@mozilla.org	WARN	Loading extension 'screenshots@mozilla.org': Reading manifest: Invalid extension permission: mozillaAddons
1585079556755	addons.webextension.screenshots@mozilla.org	WARN	Loading extension 'screenshots@mozilla.org': Reading manifest: Invalid extension permission: telemetry
1585079556755	addons.webextension.screenshots@mozilla.org	WARN	Loading extension 'screenshots@mozilla.org': Reading manifest: Invalid extension permission: resource://pdf.js/
1585079556755	addons.webextension.screenshots@mozilla.org	WARN	Loading extension 'screenshots@mozilla.org': Reading manifest: Invalid extension permission: about:reader*
JavaScript error: resource://gre/modules/XULStore.jsm, line 66: Error: Can't find profile directory.
1585079560477	Marionette	INFO	Listening on port 51612
1585079560783	Marionette	WARN	TLS certificate errors will be ignored for this session
JavaScript error: https://tags.tiqcdn.com/utag/globo/globoid/prod/utag.3.js?utv=ut4.44.202002211844, line 25: TypeError: b.status_user is undefined
JavaScript error: https://s3.glbimg.com/v1/AUTH_da787d4f4e8d46e3ad76d5fa568fe786/profiling/profiling.min.js, line 8: TypeError: document.body is null
1585079597005	Marionette	INFO	Stopped listening on port 51612
JavaScript error: https://eus.rubiconproject.com/usync.html, line 12: SecurityError: The operation is insecure.

###!!! [Child][MessageChannel::SendAndWait] Error: Channel error: cannot send/recv

1585079609905	mozrunner::runner	INFO	Running command: "C:\\Program Files\\Mozilla Firefox\\firefox.exe" "-marionette" "-foreground" "-no-remote" "-profile" "C:\\Users\\estev\\AppData\\Local\\Temp\\rust_mozprofilevpxpX2"
1585079610525	addons.webextension.doh-rollout@mozilla.org	WARN	Loading extension 'doh-rollout@mozilla.org': Reading manifest: Invalid extension permission: networkStatus
1585079612327	addons.webextension.screenshots@mozilla.org	WARN	Loading extension 'screenshots@mozilla.org': Reading manifest: Invalid extension permission: mozillaAddons
1585079612327	addons.webextension.screenshots@mozilla.org	WARN	Loading extension 'screenshots@mozilla.org': Reading manifest: Invalid extension permission: telemetry
1585079612327	addons.webextension.screenshots@mozilla.org	WARN	Loading extension 'screenshots@mozilla.org': Reading manifest: Invalid extension permission: resource://pdf.js/
1585079612327	addons.webextension.screenshots@mozilla.org	WARN	Loading extension 'screenshots@mozilla.org': Reading manifest: Invalid extension permission: about:reader*
JavaScript error: resource://gre/modules/XULStore.jsm, line 66: Error: Can't find profile directory.
1585079616113	Marionette	INFO	Listening on port 51770
1585079616174	Marionette	WARN	TLS certificate errors will be ignored for this session
JavaScript error: https://tags.tiqcdn.com/utag/globo/globoid/prod/utag.3.js?utv=ut4.44.202002211844, line 25: TypeError: b.status_user is undefined
JavaScript error: https://s3.glbimg.com/v1/AUTH_da787d4f4e8d46e3ad76d5fa568fe786/profiling/profiling.min.js, line 8: TypeError: document.body is null
JavaScript error: chrome://marionette/content/proxy.js, line 222: TypeError: this.browser.driver.dialogObserver is null
JavaScript error: chrome://marionette/content/proxy.js, line 222: TypeError: this.browser.driver.dialogObserver is null
1585079644264	mozrunner::runner	INFO	Running command: "C:\\Program Files\\Mozilla Firefox\\firefox.exe" "-marionette" "-foreground" "-no-remote" "-profile" "C:\\Users\\estev\\AppData\\Local\\Temp\\rust_mozprofileqkB0q7"
1585079645343	addons.webextension.doh-rollout@mozilla.org	WARN	Loading extension 'doh-rollout@mozilla.org': Reading manifest: Invalid extension permission: networkStatus
1585079648383	addons.webextension.screenshots@mozilla.org	WARN	Loading extension 'screenshots@mozilla.org': Reading manifest: Invalid extension permission: mozillaAddons
1585079648383	addons.webextension.screenshots@mozilla.org	WARN	Loading extension 'screenshots@mozilla.org': Reading manifest: Invalid extension permission: telemetry
1585079648383	addons.webextension.screenshots@mozilla.org	WARN	Loading extension 'screenshots@mozilla.org': Reading manifest: Invalid extension permission: resource://pdf.js/
1585079648383	addons.webextension.screenshots@mozilla.org	WARN	Loading extension 'screenshots@mozilla.org': Reading manifest: Invalid extension permission: about:reader*
JavaScript error: resource://gre/modules/XULStore.jsm, line 66: Error: Can't find profile directory.
1585079653765	Marionette	INFO	Listening on port 51967
1585079771024	Marionette	INFO	Stopped listening on port 51967

###!!! [Child][RunMessage] Error: Channel closing: too late to send/recv, messages will be lost


###!!! [Child][MessageChannel::SendAndWait] Error: Channel error: cannot send/recv

n.doh-rollout@mozilla.org	WARN	Loading extension 'doh-rollout@mozilla.org': Reading manifest: Invalid extension permission: networkStatus
1585079669786	addons.webextension.screenshots@mozilla.org	WARN	Loading extension 'screenshots@mozilla.org': Reading manifest: Invalid extension permission: mozillaAddons
1585079669787	addons.webextension.screenshots@mozilla.org	WARN	Loading extension 'screenshots@mozilla.org': Reading manifest: Invalid extension permission: telemetry
1585079669787	addons.webextension.screenshots@mozilla.org	WARN	Loading extension 'screenshots@mozilla.org': Reading manifest: Invalid extension permission: resource://pdf.js/
1585079669787	addons.webextension.screenshots@mozilla.org	WARN	Loading extension 'screenshots@mozilla.org': Reading manifest: Invalid extension permission: about:reader*
JavaScript error: resource://gre/modules/XULStore.jsm, line 66: Error: Can't find profile directory.
1585079674591	Marionette	INFO	Listening on port 52003
1585079674956	Marionette	WARN	TLS certificate errors will be ignored for this session
JavaScript error: https://tags.tiqcdn.com/utag/globo/globoid/prod/utag.3.js?utv=ut4.44.202002211844, line 25: TypeError: b.status_user is undefined
JavaScript error: https://s3.glbimg.com/v1/AUTH_da787d4f4e8d46e3ad76d5fa568fe786/profiling/profiling.min.js, line 8: TypeError: document.body is null
1585079722292	Marionette	INFO	Stopped listening on port 52003
JavaScript error: https://eus.rubiconproject.com/usync.html, line 12: SecurityError: The operation is insecure.

###!!! [Child][RunMessage] Error: Channel closing: too late to send/recv, messages will be lost


###!!! [Child][MessageChannel::SendAndWait] Error: Channel error: cannot send/recv

1585079736076	mozrunner::runner	INFO	Running command: "C:\\Program Files\\Mozilla Firefox\\firefox.exe" "-marionette" "-foreground" "-no-remote" "-profile" "C:\\Users\\estev\\AppData\\Local\\Temp\\rust_mozprofileHGfFg3"
1585079737113	addons.webextension.doh-rollout@mozilla.org	WARN	Loading extension 'doh-rollout@mozilla.org': Reading manifest: Invalid extension permission: networkStatus
1585079739226	addons.webextension.screenshots@mozilla.org	WARN	Loading extension 'screenshots@mozilla.org': Reading manifest: Invalid extension permission: mozillaAddons
1585079739226	addons.webextension.screenshots@mozilla.org	WARN	Loading extension 'screenshots@mozilla.org': Reading manifest: Invalid extension permission: telemetry
1585079739226	addons.webextension.screenshots@mozilla.org	WARN	Loading extension 'screenshots@mozilla.org': Reading manifest: Invalid extension permission: resource://pdf.js/
1585079739226	addons.webextension.screenshots@mozilla.org	WARN	Loading extension 'screenshots@mozilla.org': Reading manifest: Invalid extension permission: about:reader*
JavaScript error: resource://gre/modules/XULStore.jsm, line 66: Error: Can't find profile directory.
1585079745352	Marionette	INFO	Listening on port 52185
1585079745582	Marionette	WARN	TLS certificate errors will be ignored for this session
JavaScript error: https://s3.glbimg.com/v1/AUTH_da787d4f4e8d46e3ad76d5fa568fe786/profiling/profiling.min.js, line 8: TypeError: document.body is null
A content process crashed and MOZ_CRASHREPORTER_SHUTDOWN is set, shutting down
[Parent 2548, Gecko_IOThread] WARNING: file z:/task_1583751780/build/src/ipc/chromium/src/base/process_util_win.cc, line 160
JavaScript error: , line 0: AbortError: A request was aborted, for example through a call to IDBTransaction.abort.
1585079976357	Marionette	INFO	Stopped listening on port 52185

###!!! [Child][RunMessage] Error: Channel closing: too late to send/recv, messages will be lost


###!!! [Child][MessageChannel::SendAndWait] Error: Channel error: cannot send/recv

